<?xml version="1.0" encoding="UTF-8"?>
<testng-results skipped="0" failed="0" ignored="0" total="1" passed="1">
  <reporter-output>
  </reporter-output>
  <suite name="Default suite" duration-ms="58965" started-at="2021-04-30T12:05:05 WAT" finished-at="2021-04-30T12:06:04 WAT">
    <groups>
    </groups>
    <test name="Default test" duration-ms="58965" started-at="2021-04-30T12:05:05 WAT" finished-at="2021-04-30T12:06:04 WAT">
      <class name="actions.UpdateProfileTestSuite">
        <test-method status="PASS" signature="startUp()[pri:0, instance:actions.UpdateProfileTestSuite@67205a84]" name="startUp" is-config="true" duration-ms="7691" started-at="2021-04-30T12:05:05 WAT" finished-at="2021-04-30T12:05:13 WAT">
          <reporter-output>
          </reporter-output>
        </test-method> <!-- startUp -->
        <test-method status="PASS" signature="updateProfileSuccessfully()[pri:0, instance:actions.UpdateProfileTestSuite@67205a84]" name="updateProfileSuccessfully" duration-ms="50715" started-at="2021-04-30T12:05:13 WAT" finished-at="2021-04-30T12:06:04 WAT">
          <reporter-output>
          </reporter-output>
        </test-method> <!-- updateProfileSuccessfully -->
        <test-method status="PASS" signature="closeBrowser()[pri:0, instance:actions.UpdateProfileTestSuite@67205a84]" name="closeBrowser" is-config="true" duration-ms="488" started-at="2021-04-30T12:06:04 WAT" finished-at="2021-04-30T12:06:04 WAT">
          <reporter-output>
          </reporter-output>
        </test-method> <!-- closeBrowser -->
      </class> <!-- actions.UpdateProfileTestSuite -->
    </test> <!-- Default test -->
  </suite> <!-- Default suite -->
</testng-results>
